<?xml version="1.0" encoding="UTF-8"?>
<testsuite xmlns:xsi="http://www.w3.org/2001/XMLSchema-instance" xsi:noNamespaceSchemaLocation="https://maven.apache.org/surefire/maven-surefire-plugin/xsd/surefire-test-report-3.0.xsd" version="3.0" name="com.mots.pendule.core.GameEngineTest" time="0.055" tests="5" errors="0" skipped="0" failures="0">
  <properties>
[...]
</properties>
  <testcase name="winConditionDetected" classname="com.mots.pendule.core.GameEngineTest" time="0.006"/>
  <testcase name="loseConditionDetected" classname="com.mots.pendule.core.GameEngineTest" time="0.0"/>
  <testcase name="repeatedGuessNotCounted" classname="com.mots.pendule.core.GameEngineTest" time="0.0"/>
  <testcase name="invalidInputRejected" classname="com.mots.pendule.core.GameEngineTest" time="0.0"/>
  <testcase name="correctGuessRevealsAllOccurrences" classname="com.mots.pendule.core.GameEngineTest" time="0.0"/>
</testsuite>